[debug] [2022-04-25T17:33:34.254Z] ----------------------------------------------------------------------
[debug] [2022-04-25T17:33:34.257Z] Command:       C:\Program Files\nodejs\node.exe C:\Users\Suren\Desktop\projects\avartakan\node_modules\firebase-tools\lib\bin\firebase.js init
[debug] [2022-04-25T17:33:34.258Z] CLI Version:   10.7.1
[debug] [2022-04-25T17:33:34.258Z] Platform:      win32
[debug] [2022-04-25T17:33:34.258Z] Node Version:  v16.14.0
[debug] [2022-04-25T17:33:34.260Z] Time:          Mon Apr 25 2022 21:33:34 GMT+0400 (Armenia Standard Time)
[debug] [2022-04-25T17:33:34.260Z] ----------------------------------------------------------------------
[debug] 
[debug] [2022-04-25T17:33:34.264Z] >>> [apiv2][query] GET https://firebase-public.firebaseio.com/cli.json [none]
[debug] [2022-04-25T17:33:34.292Z] > command requires scopes: ["email","openid","https://www.googleapis.com/auth/cloudplatformprojects.readonly","https://www.googleapis.com/auth/firebase","https://www.googleapis.com/auth/cloud-platform"]
[debug] [2022-04-25T17:33:34.293Z] > authorizing via signed-in user (sursahakyan@gmail.com)
[info] 
     ######## #### ########  ######## ########     ###     ######  ########
     ##        ##  ##     ## ##       ##     ##  ##   ##  ##       ##
     ######    ##  ########  ######   ########  #########  ######  ######
     ##        ##  ##    ##  ##       ##     ## ##     ##       ## ##
     ##       #### ##     ## ######## ########  ##     ##  ######  ########

You're about to initialize a Firebase project in this directory:

  C:\Users\Suren\Desktop\projects\avartakan

[debug] [2022-04-25T17:33:34.882Z] <<< [apiv2][status] GET https://firebase-public.firebaseio.com/cli.json 200
[debug] [2022-04-25T17:33:34.883Z] <<< [apiv2][body] GET https://firebase-public.firebaseio.com/cli.json {"cloudBuildErrorAfter":1594252800000,"cloudBuildWarnAfter":1590019200000,"defaultNode10After":1594252800000,"minVersion":"3.0.5","node8DeploysDisabledAfter":1613390400000,"node8RuntimeDisabledAfter":1615809600000,"node8WarnAfter":1600128000000}
